<?xml version="1.0" encoding="UTF-8"?>
<!-- Generated by org.testng.reporters.JUnitReportReporter -->
<testsuite hostname="DESKTOP-F70FE3H" failures="0" tests="1" name="com.hrms.testcases.LoginTest" time="9.903" errors="0" timestamp="2020-09-14T13:38:44 EDT" skipped="0">
  <testcase classname="com.hrms.testcases.LoginTest" name="validLogin" time="9.903"/>
  <system-out/>
</testsuite> <!-- com.hrms.testcases.LoginTest -->
